# JRE version: OpenJDK Runtime Environment (8.0_242-b01) (build 1.8.0_242-release-1644-b01)
# Java VM: OpenJDK 64-Bit Server VM (25.242-b01 mixed mode windows-amd64 compressed oops)
Heap:
 PSYoungGen      total 218624K, used 22196K [0x00000000e0000000, 0x00000000f1c00000, 0x0000000100000000)
  eden space 203776K, 3% used [0x00000000e0000000,0x00000000e072d8a8,0x00000000ec700000)
  from space 14848K, 99% used [0x00000000ec700000,0x00000000ed57f870,0x00000000ed580000)
  to   space 19456K, 0% used [0x00000000f0900000,0x00000000f0900000,0x00000000f1c00000)
 ParOldGen       total 95232K, used 23574K [0x00000000a0000000, 0x00000000a5d00000, 0x00000000e0000000)
  object space 95232K, 24% used [0x00000000a0000000,0x00000000a1705918,0x00000000a5d00000)
 Metaspace       used 49763K, capacity 51560K, committed 51880K, reserved 1093632K
  class space    used 6609K, capacity 7017K, committed 7080K, reserved 1048576K
GC Heap History (10 events):
Event: 4.241 GC heap before
{Heap before GC invocations=7 (full 1):
 PSYoungGen      total 141824K, used 5894K [0x00000000e0000000, 0x00000000e9700000, 0x0000000100000000)
  eden space 131072K, 0% used [0x00000000e0000000,0x00000000e0000000,0x00000000e8000000)
  from space 10752K, 54% used [0x00000000e8c80000,0x00000000e9241a70,0x00000000e9700000)
  to   space 11776K, 0% used [0x00000000e8000000,0x00000000e8000000,0x00000000e8b80000)
 ParOldGen       total 86016K, used 9974K [0x00000000a0000000, 0x00000000a5400000, 0x00000000e0000000)
  object space 86016K, 11% used [0x00000000a0000000,0x00000000a09bdab8,0x00000000a5400000)
 Metaspace       used 20580K, capacity 21218K, committed 21296K, reserved 1067008K
  class space    used 2888K, capacity 3093K, committed 3120K, reserved 1048576K
Event: 4.290 GC heap after
Heap after GC invocations=7 (full 1):
 PSYoungGen      total 141824K, used 0K [0x00000000e0000000, 0x00000000e9700000, 0x0000000100000000)
  eden space 131072K, 0% used [0x00000000e0000000,0x00000000e0000000,0x00000000e8000000)
  from space 10752K, 0% used [0x00000000e8c80000,0x00000000e8c80000,0x00000000e9700000)
  to   space 11776K, 0% used [0x00000000e8000000,0x00000000e8000000,0x00000000e8b80000)
 ParOldGen       total 65536K, used 12585K [0x00000000a0000000, 0x00000000a4000000, 0x00000000e0000000)
  object space 65536K, 19% used [0x00000000a0000000,0x00000000a0c4a7a8,0x00000000a4000000)
 Metaspace       used 20580K, capacity 21218K, committed 21296K, reserved 1067008K
  class space    used 2888K, capacity 3093K, committed 3120K, reserved 1048576K
}
Event: 6.537 GC heap before
{Heap before GC invocations=8 (full 1):
 PSYoungGen      total 141824K, used 131072K [0x00000000e0000000, 0x00000000e9700000, 0x0000000100000000)
  eden space 131072K, 100% used [0x00000000e0000000,0x00000000e8000000,0x00000000e8000000)
  from space 10752K, 0% used [0x00000000e8c80000,0x00000000e8c80000,0x00000000e9700000)
  to   space 11776K, 0% used [0x00000000e8000000,0x00000000e8000000,0x00000000e8b80000)
 ParOldGen       total 65536K, used 12585K [0x00000000a0000000, 0x00000000a4000000, 0x00000000e0000000)
  object space 65536K, 19% used [0x00000000a0000000,0x00000000a0c4a7a8,0x00000000a4000000)
 Metaspace       used 32146K, capacity 32998K, committed 33072K, reserved 1077248K
  class space    used 4357K, capacity 4624K, committed 4656K, reserved 1048576K
Event: 6.557 GC heap after
Heap after GC invocations=8 (full 1):
 PSYoungGen      total 142848K, used 11769K [0x00000000e0000000, 0x00000000ee380000, 0x0000000100000000)
  eden space 131072K, 0% used [0x00000000e0000000,0x00000000e0000000,0x00000000e8000000)
  from space 11776K, 99% used [0x00000000e8000000,0x00000000e8b7e518,0x00000000e8b80000)
  to   space 14336K, 0% used [0x00000000ed580000,0x00000000ed580000,0x00000000ee380000)
 ParOldGen       total 65536K, used 13888K [0x00000000a0000000, 0x00000000a4000000, 0x00000000e0000000)
  object space 65536K, 21% used [0x00000000a0000000,0x00000000a0d90200,0x00000000a4000000)
 Metaspace       used 32146K, capacity 32998K, committed 33072K, reserved 1077248K
  class space    used 4357K, capacity 4624K, committed 4656K, reserved 1048576K
}
Event: 7.431 GC heap before
{Heap before GC invocations=9 (full 1):
 PSYoungGen      total 142848K, used 56427K [0x00000000e0000000, 0x00000000ee380000, 0x0000000100000000)
  eden space 131072K, 34% used [0x00000000e0000000,0x00000000e2b9c9e8,0x00000000e8000000)
  from space 11776K, 99% used [0x00000000e8000000,0x00000000e8b7e518,0x00000000e8b80000)
  to   space 14336K, 0% used [0x00000000ed580000,0x00000000ed580000,0x00000000ee380000)
 ParOldGen       total 65536K, used 13888K [0x00000000a0000000, 0x00000000a4000000, 0x00000000e0000000)
  object space 65536K, 21% used [0x00000000a0000000,0x00000000a0d90200,0x00000000a4000000)
 Metaspace       used 34400K, capacity 35418K, committed 35496K, reserved 1079296K
  class space    used 4685K, capacity 4974K, committed 5032K, reserved 1048576K
Event: 7.448 GC heap after
Heap after GC invocations=9 (full 1):
 PSYoungGen      total 218112K, used 9809K [0x00000000e0000000, 0x00000000ee700000, 0x0000000100000000)
  eden space 203776K, 0% used [0x00000000e0000000,0x00000000e0000000,0x00000000ec700000)
  from space 14336K, 68% used [0x00000000ed580000,0x00000000edf14488,0x00000000ee380000)
  to   space 14848K, 0% used [0x00000000ec700000,0x00000000ec700000,0x00000000ed580000)
 ParOldGen       total 65536K, used 13896K [0x00000000a0000000, 0x00000000a4000000, 0x00000000e0000000)
  object space 65536K, 21% used [0x00000000a0000000,0x00000000a0d92200,0x00000000a4000000)
 Metaspace       used 34400K, capacity 35418K, committed 35496K, reserved 1079296K
  class space    used 4685K, capacity 4974K, committed 5032K, reserved 1048576K
}
Event: 7.448 GC heap before
{Heap before GC invocations=10 (full 2):
 PSYoungGen      total 218112K, used 9809K [0x00000000e0000000, 0x00000000ee700000, 0x0000000100000000)
  eden space 203776K, 0% used [0x00000000e0000000,0x00000000e0000000,0x00000000ec700000)
  from space 14336K, 68% used [0x00000000ed580000,0x00000000edf14488,0x00000000ee380000)
  to   space 14848K, 0% used [0x00000000ec700000,0x00000000ec700000,0x00000000ed580000)
 ParOldGen       total 65536K, used 13896K [0x00000000a0000000, 0x00000000a4000000, 0x00000000e0000000)
  object space 65536K, 21% used [0x00000000a0000000,0x00000000a0d92200,0x00000000a4000000)
 Metaspace       used 34400K, capacity 35418K, committed 35496K, reserved 1079296K
  class space    used 4685K, capacity 4974K, committed 5032K, reserved 1048576K
Event: 7.537 GC heap after
Heap after GC invocations=10 (full 2):
 PSYoungGen      total 218112K, used 0K [0x00000000e0000000, 0x00000000ee700000, 0x0000000100000000)
  eden space 203776K, 0% used [0x00000000e0000000,0x00000000e0000000,0x00000000ec700000)
  from space 14336K, 0% used [0x00000000ed580000,0x00000000ed580000,0x00000000ee380000)
  to   space 14848K, 0% used [0x00000000ec700000,0x00000000ec700000,0x00000000ed580000)
 ParOldGen       total 95232K, used 17162K [0x00000000a0000000, 0x00000000a5d00000, 0x00000000e0000000)
  object space 95232K, 18% used [0x00000000a0000000,0x00000000a10c2b90,0x00000000a5d00000)
 Metaspace       used 34400K, capacity 35418K, committed 35496K, reserved 1079296K
  class space    used 4685K, capacity 4974K, committed 5032K, reserved 1048576K
}
Event: 15.859 GC heap before
{Heap before GC invocations=11 (full 2):
 PSYoungGen      total 218112K, used 203776K [0x00000000e0000000, 0x00000000ee700000, 0x0000000100000000)
  eden space 203776K, 100% used [0x00000000e0000000,0x00000000ec700000,0x00000000ec700000)
  from space 14336K, 0% used [0x00000000ed580000,0x00000000ed580000,0x00000000ee380000)
  to   space 14848K, 0% used [0x00000000ec700000,0x00000000ec700000,0x00000000ed580000)
 ParOldGen       total 95232K, used 17162K [0x00000000a0000000, 0x00000000a5d00000, 0x00000000e0000000)
  object space 95232K, 18% used [0x00000000a0000000,0x00000000a10c2b90,0x00000000a5d00000)
 Metaspace       used 49376K, capacity 51190K, committed 51368K, reserved 1093632K
  class space    used 6564K, capacity 6982K, committed 7080K, reserved 1048576K
Event: 15.885 GC heap after
Heap after GC invocations=11 (full 2):
 PSYoungGen      total 218624K, used 14846K [0x00000000e0000000, 0x00000000f1c00000, 0x0000000100000000)
  eden space 203776K, 0% used [0x00000000e0000000,0x00000000e0000000,0x00000000ec700000)
  from space 14848K, 99% used [0x00000000ec700000,0x00000000ed57f870,0x00000000ed580000)
  to   space 19456K, 0% used [0x00000000f0900000,0x00000000f0900000,0x00000000f1c00000)
 ParOldGen       total 95232K, used 23574K [0x00000000a0000000, 0x00000000a5d00000, 0x00000000e0000000)
  object space 95232K, 24% used [0x00000000a0000000,0x00000000a1705918,0x00000000a5d00000)
 Metaspace       used 49376K, capacity 51190K, committed 51368K, reserved 1093632K
  class space    used 6564K, capacity 6982K, committed 7080K, reserved 1048576K
}

